[2023-04-26T14:44:22.877+0000] {taskinstance.py:1090} INFO - Dependencies all met for dep_context=non-requeueable deps ti=<TaskInstance: weather_dag_api.cities.extract_data_Kyiv manual__2023-04-26T14:44:07.279205+00:00 [queued]>
[2023-04-26T14:44:23.286+0000] {taskinstance.py:1090} INFO - Dependencies all met for dep_context=requeueable deps ti=<TaskInstance: weather_dag_api.cities.extract_data_Kyiv manual__2023-04-26T14:44:07.279205+00:00 [queued]>
[2023-04-26T14:44:23.290+0000] {taskinstance.py:1288} INFO - 
--------------------------------------------------------------------------------
[2023-04-26T14:44:23.294+0000] {taskinstance.py:1289} INFO - Starting attempt 1 of 1
[2023-04-26T14:44:23.296+0000] {taskinstance.py:1290} INFO - 
--------------------------------------------------------------------------------
[2023-04-26T14:44:23.515+0000] {taskinstance.py:1309} INFO - Executing <Task(SimpleHttpOperator): cities.extract_data_Kyiv> on 2023-04-26 14:44:07.279205+00:00
[2023-04-26T14:44:23.599+0000] {standard_task_runner.py:55} INFO - Started process 1748 to run task
[2023-04-26T14:44:23.629+0000] {standard_task_runner.py:82} INFO - Running: ['***', 'tasks', 'run', 'weather_dag_api', 'cities.extract_data_Kyiv', 'manual__2023-04-26T14:44:07.279205+00:00', '--job-id', '37', '--raw', '--subdir', 'DAGS_FOLDER/weather_dag_api.py', '--cfg-path', '/tmp/tmpz274y2xg']
[2023-04-26T14:44:23.648+0000] {standard_task_runner.py:83} INFO - Job 37: Subtask cities.extract_data_Kyiv
[2023-04-26T14:44:24.456+0000] {task_command.py:389} INFO - Running <TaskInstance: weather_dag_api.cities.extract_data_Kyiv manual__2023-04-26T14:44:07.279205+00:00 [running]> on host d48b88797b3b
[2023-04-26T14:44:25.068+0000] {taskinstance.py:1518} INFO - Exporting the following env vars:
AIRFLOW_CTX_DAG_OWNER=***
AIRFLOW_CTX_DAG_ID=weather_dag_api
AIRFLOW_CTX_TASK_ID=cities.extract_data_Kyiv
AIRFLOW_CTX_EXECUTION_DATE=2023-04-26T14:44:07.279205+00:00
AIRFLOW_CTX_TRY_NUMBER=1
AIRFLOW_CTX_DAG_RUN_ID=manual__2023-04-26T14:44:07.279205+00:00
[2023-04-26T14:44:25.075+0000] {http.py:123} INFO - Calling HTTP method
[2023-04-26T14:44:25.151+0000] {base.py:73} INFO - Using connection ID 'weather_conn' for task execution.
[2023-04-26T14:44:26.137+0000] {http.py:170} ERROR - HTTP error: Bad Request
[2023-04-26T14:44:26.139+0000] {http.py:171} ERROR - could not parse None as coordinates. Reason: Coordinate format not valid! Only coordinate grid supported.
[2023-04-26T14:44:26.267+0000] {taskinstance.py:1776} ERROR - Task failed with exception
Traceback (most recent call last):
  File "/home/airflow/.local/lib/python3.7/site-packages/airflow/providers/http/hooks/http.py", line 168, in check_response
    response.raise_for_status()
  File "/home/airflow/.local/lib/python3.7/site-packages/requests/models.py", line 1021, in raise_for_status
    raise HTTPError(http_error_msg, response=self)
requests.exceptions.HTTPError: 400 Client Error: Bad Request for url: https://api.meteomatics.com/2023-04-25T13:20:00.000+03:00/t_2m:C,precip_1h:mm,wind_speed_10m:ms/None/json

During handling of the above exception, another exception occurred:

Traceback (most recent call last):
  File "/home/airflow/.local/lib/python3.7/site-packages/airflow/providers/http/operators/http.py", line 125, in execute
    response = http.run(self.endpoint, self.data, self.headers, self.extra_options)
  File "/home/airflow/.local/lib/python3.7/site-packages/airflow/providers/http/hooks/http.py", line 158, in run
    return self.run_and_check(session, prepped_request, extra_options)
  File "/home/airflow/.local/lib/python3.7/site-packages/airflow/providers/http/hooks/http.py", line 211, in run_and_check
    self.check_response(response)
  File "/home/airflow/.local/lib/python3.7/site-packages/airflow/providers/http/hooks/http.py", line 172, in check_response
    raise AirflowException(str(response.status_code) + ":" + response.reason)
airflow.exceptions.AirflowException: 400:Bad Request
[2023-04-26T14:44:26.374+0000] {taskinstance.py:1332} INFO - Marking task as FAILED. dag_id=weather_dag_api, task_id=cities.extract_data_Kyiv, execution_date=20230426T144407, start_date=20230426T144423, end_date=20230426T144426
[2023-04-26T14:44:26.879+0000] {standard_task_runner.py:105} ERROR - Failed to execute job 37 for task cities.extract_data_Kyiv (400:Bad Request; 1748)
[2023-04-26T14:44:27.030+0000] {local_task_job.py:212} INFO - Task exited with return code 1
[2023-04-26T14:44:27.421+0000] {taskinstance.py:2596} INFO - 0 downstream tasks scheduled from follow-on schedule check
